<?xml version="1.0" encoding="UTF-8"?>
<testsuite name="com.tudayu.future.FutureTaskTest" tests="1" skipped="0" failures="0" errors="0" timestamp="2021-07-21T09:55:38" hostname="DESKTOP-TUS" time="0.012">
  <properties/>
  <testcase name="test01" classname="com.tudayu.future.FutureTaskTest" time="0.012"/>
  <system-out><![CDATA[1
]]></system-out>
  <system-err><![CDATA[]]></system-err>
</testsuite>
