<?xml version="1.0" encoding="UTF-8"?>
<testsuite name="DisplayNameDemo" tests="3" skipped="0" failures="0" errors="0" timestamp="2020-08-21T03:37:26" hostname="DESKTOP-TUS" time="0.042">
  <properties/>
  <testcase name="testWithDisplayNameContainingSpecialCharacters()" classname="DisplayNameDemo" time="0.036"/>
  <testcase name="testWithDisplayNameContainingSpaces()" classname="DisplayNameDemo" time="0.001"/>
  <testcase name="testWithDisplayNameContainingEmoji()" classname="DisplayNameDemo" time="0.002"/>
  <system-out><![CDATA[]]></system-out>
  <system-err><![CDATA[]]></system-err>
</testsuite>
